mode: set
github.com/lguilherme/contas/internal/middleware/auth.go:11.62,12.54 1 1
github.com/lguilherme/contas/internal/middleware/auth.go:12.54,13.37 1 1
github.com/lguilherme/contas/internal/middleware/auth.go:13.37,15.24 2 1
github.com/lguilherme/contas/internal/middleware/auth.go:15.24,17.5 1 1
github.com/lguilherme/contas/internal/middleware/auth.go:19.4,20.64 2 1
github.com/lguilherme/contas/internal/middleware/auth.go:20.64,22.5 1 1
github.com/lguilherme/contas/internal/middleware/auth.go:24.4,25.18 2 1
github.com/lguilherme/contas/internal/middleware/auth.go:25.18,27.5 1 1
github.com/lguilherme/contas/internal/middleware/auth.go:29.4,31.18 3 1
github.com/lguilherme/contas/internal/handler/auth.go:15.59,17.2 1 1
github.com/lguilherme/contas/internal/handler/auth.go:19.54,21.39 2 1
github.com/lguilherme/contas/internal/handler/auth.go:21.39,23.3 1 1
github.com/lguilherme/contas/internal/handler/auth.go:25.2,25.67 1 1
github.com/lguilherme/contas/internal/handler/auth.go:25.67,27.3 1 1
github.com/lguilherme/contas/internal/handler/auth.go:29.2,29.29 1 1
github.com/lguilherme/contas/internal/handler/auth.go:29.29,31.3 1 1
github.com/lguilherme/contas/internal/handler/auth.go:33.2,34.16 2 1
github.com/lguilherme/contas/internal/handler/auth.go:34.16,35.44 1 1
github.com/lguilherme/contas/internal/handler/auth.go:35.44,37.4 1 1
github.com/lguilherme/contas/internal/handler/auth.go:38.3,38.81 1 1
github.com/lguilherme/contas/internal/handler/auth.go:41.2,44.4 1 1
github.com/lguilherme/contas/internal/handler/auth.go:47.51,49.39 2 1
github.com/lguilherme/contas/internal/handler/auth.go:49.39,51.3 1 1
github.com/lguilherme/contas/internal/handler/auth.go:53.2,53.47 1 1
github.com/lguilherme/contas/internal/handler/auth.go:53.47,55.3 1 1
github.com/lguilherme/contas/internal/handler/auth.go:57.2,58.16 2 1
github.com/lguilherme/contas/internal/handler/auth.go:58.16,59.51 1 1
github.com/lguilherme/contas/internal/handler/auth.go:59.51,61.4 1 1
github.com/lguilherme/contas/internal/handler/auth.go:62.3,62.78 1 1
github.com/lguilherme/contas/internal/handler/auth.go:65.2,68.4 1 1
github.com/lguilherme/contas/internal/handler/auth.go:71.53,75.38 2 1
github.com/lguilherme/contas/internal/handler/auth.go:75.38,77.3 1 0
github.com/lguilherme/contas/internal/handler/auth.go:79.2,79.29 1 1
github.com/lguilherme/contas/internal/handler/auth.go:79.29,81.3 1 1
github.com/lguilherme/contas/internal/handler/auth.go:83.2,84.16 2 1
github.com/lguilherme/contas/internal/handler/auth.go:84.16,86.3 1 1
github.com/lguilherme/contas/internal/handler/auth.go:88.2,88.68 1 1
github.com/lguilherme/contas/internal/handler/auth.go:91.48,99.2 3 1
github.com/lguilherme/contas/internal/handler/auth.go:101.91,107.2 5 0
github.com/lguilherme/contas/internal/handler/auth.go:109.57,115.2 1 1
github.com/lguilherme/contas/internal/handler/health.go:12.70,13.46 1 1
github.com/lguilherme/contas/internal/handler/health.go:13.46,18.42 4 1
github.com/lguilherme/contas/internal/handler/health.go:18.42,20.4 1 1
github.com/lguilherme/contas/internal/handler/health.go:22.3,25.5 1 1
github.com/lguilherme/contas/internal/config/config.go:12.21,19.2 1 0
github.com/lguilherme/contas/internal/config/config.go:21.42,22.34 1 0
github.com/lguilherme/contas/internal/config/config.go:22.34,24.3 1 0
github.com/lguilherme/contas/internal/config/config.go:25.2,25.17 1 0
github.com/lguilherme/contas/internal/config/database.go:10.55,12.16 2 0
github.com/lguilherme/contas/internal/config/database.go:12.16,14.3 1 0
github.com/lguilherme/contas/internal/config/database.go:16.2,16.56 1 0
github.com/lguilherme/contas/internal/config/database.go:16.56,18.3 1 0
github.com/lguilherme/contas/internal/config/database.go:20.2,20.18 1 0
github.com/lguilherme/contas/cmd/seed/main.go:12.13,13.40 1 0
github.com/lguilherme/contas/cmd/seed/main.go:13.40,15.3 1 0
github.com/lguilherme/contas/cmd/seed/main.go:17.2,19.53 2 0
github.com/lguilherme/contas/cmd/seed/main.go:19.53,21.3 1 0
github.com/lguilherme/contas/cmd/seed/main.go:23.2,24.16 2 0
github.com/lguilherme/contas/cmd/seed/main.go:24.16,26.3 1 0
github.com/lguilherme/contas/cmd/seed/main.go:27.2,42.16 6 0
github.com/lguilherme/contas/cmd/seed/main.go:42.16,44.3 1 0
github.com/lguilherme/contas/cmd/seed/main.go:46.2,52.16 3 0
github.com/lguilherme/contas/cmd/seed/main.go:52.16,54.3 1 0
github.com/lguilherme/contas/cmd/seed/main.go:56.2,64.16 3 0
github.com/lguilherme/contas/cmd/seed/main.go:64.16,66.3 1 0
github.com/lguilherme/contas/cmd/seed/main.go:68.2,79.16 3 0
github.com/lguilherme/contas/cmd/seed/main.go:79.16,81.3 1 0
github.com/lguilherme/contas/cmd/seed/main.go:83.2,90.16 3 0
github.com/lguilherme/contas/cmd/seed/main.go:90.16,92.3 1 0
github.com/lguilherme/contas/cmd/seed/main.go:94.2,101.16 3 0
github.com/lguilherme/contas/cmd/seed/main.go:101.16,103.3 1 0
github.com/lguilherme/contas/cmd/seed/main.go:105.2,108.65 4 0
github.com/lguilherme/contas/cmd/api/main.go:18.13,19.40 1 0
github.com/lguilherme/contas/cmd/api/main.go:19.40,21.3 1 0
github.com/lguilherme/contas/cmd/api/main.go:23.2,25.53 2 0
github.com/lguilherme/contas/cmd/api/main.go:25.53,27.3 1 0
github.com/lguilherme/contas/cmd/api/main.go:29.2,30.16 2 0
github.com/lguilherme/contas/cmd/api/main.go:30.16,32.3 1 0
github.com/lguilherme/contas/cmd/api/main.go:33.2,63.16 16 0
github.com/lguilherme/contas/cmd/api/main.go:63.16,65.3 1 0
github.com/lguilherme/contas/cmd/api/main.go:67.2,68.44 2 0
github.com/lguilherme/contas/cmd/api/main.go:68.44,71.3 2 0
github.com/lguilherme/contas/internal/service/auth.go:17.100,22.2 1 1
github.com/lguilherme/contas/internal/service/auth.go:24.122,26.16 2 1
github.com/lguilherme/contas/internal/service/auth.go:26.16,28.3 1 0
github.com/lguilherme/contas/internal/service/auth.go:30.2,36.53 2 1
github.com/lguilherme/contas/internal/service/auth.go:36.53,37.44 1 1
github.com/lguilherme/contas/internal/service/auth.go:37.44,39.4 1 1
github.com/lguilherme/contas/internal/service/auth.go:40.3,40.23 1 1
github.com/lguilherme/contas/internal/service/auth.go:43.2,44.16 2 1
github.com/lguilherme/contas/internal/service/auth.go:44.16,46.3 1 0
github.com/lguilherme/contas/internal/service/auth.go:48.2,48.26 1 1
github.com/lguilherme/contas/internal/service/auth.go:51.116,53.16 2 1
github.com/lguilherme/contas/internal/service/auth.go:53.16,54.45 1 1
github.com/lguilherme/contas/internal/service/auth.go:54.45,56.4 1 1
github.com/lguilherme/contas/internal/service/auth.go:57.3,57.23 1 1
github.com/lguilherme/contas/internal/service/auth.go:60.2,60.105 1 1
github.com/lguilherme/contas/internal/service/auth.go:60.105,62.3 1 1
github.com/lguilherme/contas/internal/service/auth.go:64.2,65.16 2 1
github.com/lguilherme/contas/internal/service/auth.go:65.16,67.3 1 0
github.com/lguilherme/contas/internal/service/auth.go:69.2,69.26 1 1
github.com/lguilherme/contas/internal/service/auth.go:72.87,74.16 2 1
github.com/lguilherme/contas/internal/service/auth.go:74.16,76.3 1 1
github.com/lguilherme/contas/internal/service/auth.go:78.2,78.55 1 1
github.com/lguilherme/contas/internal/service/token.go:23.57,29.2 1 1
github.com/lguilherme/contas/internal/service/token.go:31.85,33.16 2 1
github.com/lguilherme/contas/internal/service/token.go:33.16,35.3 1 0
github.com/lguilherme/contas/internal/service/token.go:37.2,38.16 2 1
github.com/lguilherme/contas/internal/service/token.go:38.16,40.3 1 0
github.com/lguilherme/contas/internal/service/token.go:42.2,46.8 1 1
github.com/lguilherme/contas/internal/service/token.go:49.82,50.104 1 1
github.com/lguilherme/contas/internal/service/token.go:50.104,51.58 1 1
github.com/lguilherme/contas/internal/service/token.go:51.58,53.4 1 0
github.com/lguilherme/contas/internal/service/token.go:54.3,54.23 1 1
github.com/lguilherme/contas/internal/service/token.go:56.2,56.16 1 1
github.com/lguilherme/contas/internal/service/token.go:56.16,58.3 1 1
github.com/lguilherme/contas/internal/service/token.go:60.2,61.25 2 1
github.com/lguilherme/contas/internal/service/token.go:61.25,63.3 1 0
github.com/lguilherme/contas/internal/service/token.go:65.2,68.8 1 1
github.com/lguilherme/contas/internal/service/token.go:71.108,85.2 5 1
github.com/lguilherme/contas/internal/repository/health.go:14.62,16.2 1 0
github.com/lguilherme/contas/internal/repository/health.go:18.59,20.2 1 0
github.com/lguilherme/contas/internal/repository/user.go:18.64,20.2 1 0
github.com/lguilherme/contas/internal/repository/user.go:22.79,29.16 2 0
github.com/lguilherme/contas/internal/repository/user.go:29.16,30.45 1 0
github.com/lguilherme/contas/internal/repository/user.go:30.45,32.4 1 0
github.com/lguilherme/contas/internal/repository/user.go:33.3,33.44 1 0
github.com/lguilherme/contas/internal/repository/user.go:35.2,35.12 1 0
github.com/lguilherme/contas/internal/repository/user.go:38.95,45.16 3 0
github.com/lguilherme/contas/internal/repository/user.go:45.16,46.36 1 0
github.com/lguilherme/contas/internal/repository/user.go:46.36,48.4 1 0
github.com/lguilherme/contas/internal/repository/user.go:49.3,49.56 1 0
github.com/lguilherme/contas/internal/repository/user.go:51.2,51.18 1 0
github.com/lguilherme/contas/internal/repository/user.go:54.89,61.16 3 0
github.com/lguilherme/contas/internal/repository/user.go:61.16,62.36 1 0
github.com/lguilherme/contas/internal/repository/user.go:62.36,64.4 1 0
github.com/lguilherme/contas/internal/repository/user.go:65.3,65.53 1 0
github.com/lguilherme/contas/internal/repository/user.go:67.2,67.18 1 0
github.com/lguilherme/contas/internal/migrate/migrate.go:17.36,19.16 2 0
github.com/lguilherme/contas/internal/migrate/migrate.go:19.16,21.3 1 0
github.com/lguilherme/contas/internal/migrate/migrate.go:23.2,24.16 2 0
github.com/lguilherme/contas/internal/migrate/migrate.go:24.16,26.3 1 0
github.com/lguilherme/contas/internal/migrate/migrate.go:27.2,29.31 2 0
github.com/lguilherme/contas/internal/migrate/migrate.go:29.31,30.42 1 0
github.com/lguilherme/contas/internal/migrate/migrate.go:30.42,33.4 2 0
github.com/lguilherme/contas/internal/migrate/migrate.go:34.3,34.57 1 0
github.com/lguilherme/contas/internal/migrate/migrate.go:37.2,38.12 2 0
github.com/lguilherme/contas/internal/mock/mock.go:17.79,19.2 1 0
github.com/lguilherme/contas/internal/mock/mock.go:21.95,23.2 1 0
github.com/lguilherme/contas/internal/mock/mock.go:25.89,27.2 1 0
github.com/lguilherme/contas/internal/mock/mock.go:37.122,39.2 1 0
github.com/lguilherme/contas/internal/mock/mock.go:41.116,43.2 1 0
github.com/lguilherme/contas/internal/mock/mock.go:45.84,47.2 1 0
github.com/lguilherme/contas/internal/mock/mock.go:56.82,58.2 1 0
github.com/lguilherme/contas/internal/mock/mock.go:60.79,62.2 1 0
github.com/lguilherme/contas/internal/mock/mock.go:70.57,72.2 1 0
